#
# There is insufficient memory for the Java Runtime Environment to continue.
# Native memory allocation (malloc) failed to allocate 454736 bytes for Chunk::new
# Possible reasons:
#   The system is out of physical RAM or swap space
#   The process is running with CompressedOops enabled, and the Java Heap may be blocking the growth of the native heap
# Possible solutions:
#   Reduce memory load on the system
#   Increase physical memory or swap space
#   Check if swap backing store is full
#   Decrease Java heap size (-Xmx/-Xms)
#   Decrease number of Java threads
#   Decrease Java thread stack sizes (-Xss)
#   Set larger code cache with -XX:ReservedCodeCacheSize=
#   JVM is running with Zero Based Compressed Oops mode in which the Java heap is
#     placed in the first 32GB address space. The Java Heap base address is the
#     maximum limit for the native heap growth. Please use -XX:HeapBaseMinAddress
#     to set the Java Heap base and to place the Java Heap above 32GB virtual address.
# This output file may be truncated or incomplete.
#
#  Out of Memory Error (./open/src/hotspot/share/memory/arena.cpp:195), pid=28348, tid=29304
#
# JRE version: Java(TM) SE Runtime Environment (15.0.2+7) (build 15.0.2+7-27)
# Java VM: Java HotSpot(TM) 64-Bit Server VM (15.0.2+7-27, mixed mode, sharing, tiered, compressed oops, g1 gc, windows-amd64)
# No core dump will be written. Minidumps are not enabled by default on client versions of Windows
#

---------------  S U M M A R Y ------------

Command Line: -Dfile.encoding=Cp1252 -XX:+ShowCodeDetailsInExceptionMessages Home

Host: AMD Ryzen 5 1500X Quad-Core Processor          , 8 cores, 15G,  Windows 10 , 64 bit Build 18362 (10.0.18362.1500)
Time: Sat Jun 12 15:15:20 2021 SE Asia Standard Time elapsed time: 3.419302 seconds (0d 0h 0m 3s)

---------------  T H R E A D  ---------------

Current thread (0x0000019880027ac0):  JavaThread "C2 CompilerThread0" daemon [_thread_in_native, id=29304, stack(0x00000070fed00000,0x00000070fee00000)]


Current CompileTask:
C2:   3419 1964   !   4       sun.awt.image.ImageRepresentation::getOpaqueRGBImage (164 bytes)

Stack: [0x00000070fed00000,0x00000070fee00000]
Native frames: (J=compiled Java code, j=interpreted, Vv=VM code, C=native code)
V  [jvm.dll+0x62ae9a]
V  [jvm.dll+0x7817a9]
V  [jvm.dll+0x782f03]
V  [jvm.dll+0x783563]
V  [jvm.dll+0x216325]
V  [jvm.dll+0x97f3a]
V  [jvm.dll+0x9861c]
V  [jvm.dll+0x32e2a8]
V  [jvm.dll+0x2f768a]
V  [jvm.dll+0x2f6a4a]
V  [jvm.dll+0x1ea705]
V  [jvm.dll+0x1e996e]
V  [jvm.dll+0x178567]
V  [jvm.dll+0x1f9225]
V  [jvm.dll+0x1f72cc]
V  [jvm.dll+0x74495d]
V  [jvm.dll+0x73d75a]
V  [jvm.dll+0x629c56]
C  [ucrtbase.dll+0x210b2]
C  [KERNEL32.DLL+0x17c24]
C  [ntdll.dll+0x6d721]


---------------  P R O C E S S  ---------------

Threads class SMR info:
_java_thread_list=0x0000019889fcbde0, length=18, elements={
0x00000198ff55da70, 0x0000019880000080, 0x0000019880017380, 0x0000019880019d50,
0x000001988001ced0, 0x0000019880027ac0, 0x000001988002ad20, 0x0000019880036e40,
0x0000019880151a20, 0x0000019880166a50, 0x00000198803fe530, 0x00000198803fea00,
0x000001988045a800, 0x0000019888016020, 0x0000019880be9b30, 0x0000019887cc2780,
0x00000198dbdc4370, 0x0000019887734c80
}

Java Threads: ( => current thread )
  0x00000198ff55da70 JavaThread "Reference Handler" daemon [_thread_blocked, id=29988, stack(0x00000070fe800000,0x00000070fe900000)]
  0x0000019880000080 JavaThread "Finalizer" daemon [_thread_blocked, id=29608, stack(0x00000070fe900000,0x00000070fea00000)]
  0x0000019880017380 JavaThread "Signal Dispatcher" daemon [_thread_blocked, id=26388, stack(0x00000070fea00000,0x00000070feb00000)]
  0x0000019880019d50 JavaThread "Attach Listener" daemon [_thread_blocked, id=16548, stack(0x00000070feb00000,0x00000070fec00000)]
  0x000001988001ced0 JavaThread "Service Thread" daemon [_thread_blocked, id=28576, stack(0x00000070fec00000,0x00000070fed00000)]
=>0x0000019880027ac0 JavaThread "C2 CompilerThread0" daemon [_thread_in_native, id=29304, stack(0x00000070fed00000,0x00000070fee00000)]
  0x000001988002ad20 JavaThread "C1 CompilerThread0" daemon [_thread_blocked, id=29668, stack(0x00000070fee00000,0x00000070fef00000)]
  0x0000019880036e40 JavaThread "Sweeper thread" daemon [_thread_blocked, id=10388, stack(0x00000070fef00000,0x00000070ff000000)]
  0x0000019880151a20 JavaThread "Notification Thread" daemon [_thread_blocked, id=14920, stack(0x00000070ff000000,0x00000070ff100000)]
  0x0000019880166a50 JavaThread "Common-Cleaner" daemon [_thread_blocked, id=19588, stack(0x00000070ff200000,0x00000070ff300000)]
  0x00000198803fe530 JavaThread "Java2D Disposer" daemon [_thread_blocked, id=28104, stack(0x00000070ff300000,0x00000070ff400000)]
  0x00000198803fea00 JavaThread "AWT-Shutdown" [_thread_blocked, id=30644, stack(0x00000070ff400000,0x00000070ff500000)]
  0x000001988045a800 JavaThread "AWT-Windows" daemon [_thread_in_native, id=16500, stack(0x00000070ff500000,0x00000070ff600000)]
  0x0000019888016020 JavaThread "AWT-EventQueue-0" [_thread_blocked, id=27324, stack(0x00000070ffe30000,0x00000070fff30000)]
  0x0000019880be9b30 JavaThread "D3D Screen Updater" daemon [_thread_blocked, id=25836, stack(0x0000007080100000,0x0000007080200000)]
  0x0000019887cc2780 JavaThread "pool-2-thread-1" [_thread_blocked, id=18856, stack(0x0000007080200000,0x0000007080300000)]
  0x00000198dbdc4370 JavaThread "DestroyJavaVM" [_thread_blocked, id=23640, stack(0x00000070fe100000,0x00000070fe200000)]
  0x0000019887734c80 JavaThread "Image Fetcher 0" daemon [_thread_blocked, id=7316, stack(0x0000007080d00000,0x0000007080e00000)]

Other Threads:
  0x00000198ff55bb40 VMThread "VM Thread" [stack: 0x00000070fe700000,0x00000070fe800000] [id=10912]
  0x0000019880161f10 WatcherThread [stack: 0x00000070ff100000,0x00000070ff200000] [id=30948]
  0x00000198dbe168d0 GCTaskThread "GC Thread#0" [stack: 0x00000070fe200000,0x00000070fe300000] [id=23492]
  0x00000198807f9390 GCTaskThread "GC Thread#1" [stack: 0x0000007080400000,0x0000007080500000] [id=31480]
  0x00000198807f83a0 GCTaskThread "GC Thread#2" [stack: 0x0000007080500000,0x0000007080600000] [id=28400]
  0x00000198807f96c0 GCTaskThread "GC Thread#3" [stack: 0x0000007080600000,0x0000007080700000] [id=28792]
  0x00000198807f7080 GCTaskThread "GC Thread#4" [stack: 0x0000007080700000,0x0000007080800000] [id=28036]
  0x00000198807f7a10 GCTaskThread "GC Thread#5" [stack: 0x0000007080800000,0x0000007080900000] [id=30864]
  0x00000198807f6090 GCTaskThread "GC Thread#6" [stack: 0x0000007080900000,0x0000007080a00000] [id=12976]
  0x00000198807f76e0 GCTaskThread "GC Thread#7" [stack: 0x0000007080a00000,0x0000007080b00000] [id=9160]
  0x00000198dbe281a0 ConcurrentGCThread "G1 Main Marker" [stack: 0x00000070fe300000,0x00000070fe400000] [id=30248]
  0x00000198dbe28d20 ConcurrentGCThread "G1 Conc#0" [stack: 0x00000070fe400000,0x00000070fe500000] [id=5400]
  0x00000198ff3e44e0 ConcurrentGCThread "G1 Refine#0" [stack: 0x00000070fe500000,0x00000070fe600000] [id=22236]
  0x00000198dbe7de90 ConcurrentGCThread "G1 Young RemSet Sampling" [stack: 0x00000070fe600000,0x00000070fe700000] [id=31164]

Threads with active compile tasks:
C2 CompilerThread0     3469 1964   !   4       sun.awt.image.ImageRepresentation::getOpaqueRGBImage (164 bytes)

VM state: not at safepoint (normal execution)

VM Mutex/Monitor currently owned by a thread: None

Heap address: 0x0000000700a00000, size: 4086 MB, Compressed Oops mode: Zero based, Oop shift amount: 3
CDS archive(s) mapped at: [0x0000000800000000-0x0000000800b50000-0x0000000800b50000), size 11862016, SharedBaseAddress: 0x0000000800000000, ArchiveRelocationMode: 0.
Compressed class space mapped at: 0x0000000800b50000-0x0000000840b50000, size: 1073741824
Narrow klass base: 0x0000000800000000, Narrow klass shift: 3, Narrow klass range: 0x100000000

GC Precious Log:
 CPUs: 8 total, 8 available
 Memory: 16336M
 Large Page Support: Disabled
 NUMA Support: Disabled
 Compressed Oops: Enabled (Zero based)
 Heap Region Size: 2M
 Heap Min Capacity: 8M
 Heap Initial Capacity: 256M
 Heap Max Capacity: 4086M
 Pre-touch: Disabled
 Parallel Workers: 8
 Concurrent Workers: 2
 Concurrent Refinement Workers: 8
 Periodic GC: Disabled

Heap:
 garbage-first heap   total 262144K, used 28223K [0x0000000700a00000, 0x0000000800000000)
  region size 2048K, 6 young (12288K), 2 survivors (4096K)
 Metaspace       used 11905K, capacity 12152K, committed 12416K, reserved 1062912K
  class space    used 1269K, capacity 1351K, committed 1408K, reserved 1048576K

Heap Regions: E=young(eden), S=young(survivor), O=old, HS=humongous(starts), HC=humongous(continues), CS=collection set, F=free, OA=open archive, CA=closed archive, TAMS=top-at-mark-start (previous, next)
|   0|0x0000000700a00000, 0x0000000700c00000, 0x0000000700c00000|100%|HS|  |TAMS 0x0000000700a00000, 0x0000000700a00000| Complete 
|   1|0x0000000700c00000, 0x0000000700e00000, 0x0000000700e00000|100%|HC|  |TAMS 0x0000000700c00000, 0x0000000700c00000| Complete 
|   2|0x0000000700e00000, 0x0000000701000000, 0x0000000701000000|100%|HC|  |TAMS 0x0000000700e00000, 0x0000000700e00000| Complete 
|   3|0x0000000701000000, 0x0000000701200000, 0x0000000701200000|100%|HC|  |TAMS 0x0000000701000000, 0x0000000701000000| Complete 
|   4|0x0000000701200000, 0x0000000701400000, 0x0000000701400000|100%|HS|  |TAMS 0x0000000701200000, 0x0000000701200000| Complete 
|   5|0x0000000701400000, 0x0000000701600000, 0x0000000701600000|100%|HC|  |TAMS 0x0000000701400000, 0x0000000701400000| Complete 
|   6|0x0000000701600000, 0x0000000701600000, 0x0000000701800000|  0%| F|  |TAMS 0x0000000701600000, 0x0000000701600000| Untracked 
|   7|0x0000000701800000, 0x0000000701800000, 0x0000000701a00000|  0%| F|  |TAMS 0x0000000701800000, 0x0000000701800000| Untracked 
|   8|0x0000000701a00000, 0x0000000701a00000, 0x0000000701c00000|  0%| F|  |TAMS 0x0000000701a00000, 0x0000000701a00000| Untracked 
|   9|0x0000000701c00000, 0x0000000701c00000, 0x0000000701e00000|  0%| F|  |TAMS 0x0000000701c00000, 0x0000000701c00000| Untracked 
|  10|0x0000000701e00000, 0x0000000701e00000, 0x0000000702000000|  0%| F|  |TAMS 0x0000000701e00000, 0x0000000701e00000| Untracked 
|  11|0x0000000702000000, 0x0000000702000000, 0x0000000702200000|  0%| F|  |TAMS 0x0000000702000000, 0x0000000702000000| Untracked 
|  12|0x0000000702200000, 0x0000000702400000, 0x0000000702400000|100%|HS|  |TAMS 0x0000000702200000, 0x0000000702200000| Complete 
|  13|0x0000000702400000, 0x0000000702600000, 0x0000000702600000|100%|HC|  |TAMS 0x0000000702400000, 0x0000000702400000| Complete 
|  14|0x0000000702600000, 0x0000000702800000, 0x0000000702800000|100%| O|  |TAMS 0x0000000702600000, 0x0000000702600000| Untracked 
|  15|0x0000000702800000, 0x0000000702898600, 0x0000000702a00000| 29%| O|  |TAMS 0x0000000702800000, 0x0000000702800000| Untracked 
|  16|0x0000000702a00000, 0x0000000702a00000, 0x0000000702c00000|  0%| F|  |TAMS 0x0000000702a00000, 0x0000000702a00000| Untracked 
|  17|0x0000000702c00000, 0x0000000702c00000, 0x0000000702e00000|  0%| F|  |TAMS 0x0000000702c00000, 0x0000000702c00000| Untracked 
|  18|0x0000000702e00000, 0x0000000702e00000, 0x0000000703000000|  0%| F|  |TAMS 0x0000000702e00000, 0x0000000702e00000| Untracked 
|  19|0x0000000703000000, 0x0000000703000000, 0x0000000703200000|  0%| F|  |TAMS 0x0000000703000000, 0x0000000703000000| Untracked 
|  20|0x0000000703200000, 0x0000000703200000, 0x0000000703400000|  0%| F|  |TAMS 0x0000000703200000, 0x0000000703200000| Untracked 
|  21|0x0000000703400000, 0x0000000703400000, 0x0000000703600000|  0%| F|  |TAMS 0x0000000703400000, 0x0000000703400000| Untracked 
|  22|0x0000000703600000, 0x0000000703600000, 0x0000000703800000|  0%| F|  |TAMS 0x0000000703600000, 0x0000000703600000| Untracked 
|  23|0x0000000703800000, 0x0000000703800000, 0x0000000703a00000|  0%| F|  |TAMS 0x0000000703800000, 0x0000000703800000| Untracked 
|  24|0x0000000703a00000, 0x0000000703a00000, 0x0000000703c00000|  0%| F|  |TAMS 0x0000000703a00000, 0x0000000703a00000| Untracked 
|  25|0x0000000703c00000, 0x0000000703c00000, 0x0000000703e00000|  0%| F|  |TAMS 0x0000000703c00000, 0x0000000703c00000| Untracked 
|  26|0x0000000703e00000, 0x0000000703e00000, 0x0000000704000000|  0%| F|  |TAMS 0x0000000703e00000, 0x0000000703e00000| Untracked 
|  27|0x0000000704000000, 0x0000000704000000, 0x0000000704200000|  0%| F|  |TAMS 0x0000000704000000, 0x0000000704000000| Untracked 
|  28|0x0000000704200000, 0x0000000704200000, 0x0000000704400000|  0%| F|  |TAMS 0x0000000704200000, 0x0000000704200000| Untracked 
|  29|0x0000000704400000, 0x0000000704400000, 0x0000000704600000|  0%| F|  |TAMS 0x0000000704400000, 0x0000000704400000| Untracked 
|  30|0x0000000704600000, 0x0000000704600000, 0x0000000704800000|  0%| F|  |TAMS 0x0000000704600000, 0x0000000704600000| Untracked 
|  31|0x0000000704800000, 0x0000000704800000, 0x0000000704a00000|  0%| F|  |TAMS 0x0000000704800000, 0x0000000704800000| Untracked 
|  32|0x0000000704a00000, 0x0000000704a00000, 0x0000000704c00000|  0%| F|  |TAMS 0x0000000704a00000, 0x0000000704a00000| Untracked 
|  33|0x0000000704c00000, 0x0000000704c00000, 0x0000000704e00000|  0%| F|  |TAMS 0x0000000704c00000, 0x0000000704c00000| Untracked 
|  34|0x0000000704e00000, 0x0000000704e00000, 0x0000000705000000|  0%| F|  |TAMS 0x0000000704e00000, 0x0000000704e00000| Untracked 
|  35|0x0000000705000000, 0x0000000705000000, 0x0000000705200000|  0%| F|  |TAMS 0x0000000705000000, 0x0000000705000000| Untracked 
|  36|0x0000000705200000, 0x0000000705200000, 0x0000000705400000|  0%| F|  |TAMS 0x0000000705200000, 0x0000000705200000| Untracked 
|  37|0x0000000705400000, 0x0000000705400000, 0x0000000705600000|  0%| F|  |TAMS 0x0000000705400000, 0x0000000705400000| Untracked 
|  38|0x0000000705600000, 0x0000000705600000, 0x0000000705800000|  0%| F|  |TAMS 0x0000000705600000, 0x0000000705600000| Untracked 
|  39|0x0000000705800000, 0x0000000705800000, 0x0000000705a00000|  0%| F|  |TAMS 0x0000000705800000, 0x0000000705800000| Untracked 
|  40|0x0000000705a00000, 0x0000000705a00000, 0x0000000705c00000|  0%| F|  |TAMS 0x0000000705a00000, 0x0000000705a00000| Untracked 
|  41|0x0000000705c00000, 0x0000000705c00000, 0x0000000705e00000|  0%| F|  |TAMS 0x0000000705c00000, 0x0000000705c00000| Untracked 
|  42|0x0000000705e00000, 0x0000000705e00000, 0x0000000706000000|  0%| F|  |TAMS 0x0000000705e00000, 0x0000000705e00000| Untracked 
|  43|0x0000000706000000, 0x0000000706000000, 0x0000000706200000|  0%| F|  |TAMS 0x0000000706000000, 0x0000000706000000| Untracked 
|  44|0x0000000706200000, 0x0000000706200000, 0x0000000706400000|  0%| F|  |TAMS 0x0000000706200000, 0x0000000706200000| Untracked 
|  45|0x0000000706400000, 0x0000000706400000, 0x0000000706600000|  0%| F|  |TAMS 0x0000000706400000, 0x0000000706400000| Untracked 
|  46|0x0000000706600000, 0x0000000706600000, 0x0000000706800000|  0%| F|  |TAMS 0x0000000706600000, 0x0000000706600000| Untracked 
|  47|0x0000000706800000, 0x0000000706800000, 0x0000000706a00000|  0%| F|  |TAMS 0x0000000706800000, 0x0000000706800000| Untracked 
|  48|0x0000000706a00000, 0x0000000706a00000, 0x0000000706c00000|  0%| F|  |TAMS 0x0000000706a00000, 0x0000000706a00000| Untracked 
|  49|0x0000000706c00000, 0x0000000706c00000, 0x0000000706e00000|  0%| F|  |TAMS 0x0000000706c00000, 0x0000000706c00000| Untracked 
|  50|0x0000000706e00000, 0x0000000706e00000, 0x0000000707000000|  0%| F|  |TAMS 0x0000000706e00000, 0x0000000706e00000| Untracked 
|  51|0x0000000707000000, 0x0000000707000000, 0x0000000707200000|  0%| F|  |TAMS 0x0000000707000000, 0x0000000707000000| Untracked 
|  52|0x0000000707200000, 0x0000000707200000, 0x0000000707400000|  0%| F|  |TAMS 0x0000000707200000, 0x0000000707200000| Untracked 
|  53|0x0000000707400000, 0x0000000707400000, 0x0000000707600000|  0%| F|  |TAMS 0x0000000707400000, 0x0000000707400000| Untracked 
|  54|0x0000000707600000, 0x0000000707600000, 0x0000000707800000|  0%| F|  |TAMS 0x0000000707600000, 0x0000000707600000| Untracked 
|  55|0x0000000707800000, 0x0000000707800000, 0x0000000707a00000|  0%| F|  |TAMS 0x0000000707800000, 0x0000000707800000| Untracked 
|  56|0x0000000707a00000, 0x0000000707a00000, 0x0000000707c00000|  0%| F|  |TAMS 0x0000000707a00000, 0x0000000707a00000| Untracked 
|  57|0x0000000707c00000, 0x0000000707c00000, 0x0000000707e00000|  0%| F|  |TAMS 0x0000000707c00000, 0x0000000707c00000| Untracked 
|  58|0x0000000707e00000, 0x0000000707e00000, 0x0000000708000000|  0%| F|  |TAMS 0x0000000707e00000, 0x0000000707e00000| Untracked 
|  59|0x0000000708000000, 0x0000000708000000, 0x0000000708200000|  0%| F|  |TAMS 0x0000000708000000, 0x0000000708000000| Untracked 
|  60|0x0000000708200000, 0x0000000708200000, 0x0000000708400000|  0%| F|  |TAMS 0x0000000708200000, 0x0000000708200000| Untracked 
|  61|0x0000000708400000, 0x0000000708400000, 0x0000000708600000|  0%| F|  |TAMS 0x0000000708400000, 0x0000000708400000| Untracked 
|  62|0x0000000708600000, 0x0000000708600000, 0x0000000708800000|  0%| F|  |TAMS 0x0000000708600000, 0x0000000708600000| Untracked 
|  63|0x0000000708800000, 0x0000000708800000, 0x0000000708a00000|  0%| F|  |TAMS 0x0000000708800000, 0x0000000708800000| Untracked 
|  64|0x0000000708a00000, 0x0000000708a00000, 0x0000000708c00000|  0%| F|  |TAMS 0x0000000708a00000, 0x0000000708a00000| Untracked 
|  65|0x0000000708c00000, 0x0000000708c00000, 0x0000000708e00000|  0%| F|  |TAMS 0x0000000708c00000, 0x0000000708c00000| Untracked 
|  66|0x0000000708e00000, 0x0000000708e00000, 0x0000000709000000|  0%| F|  |TAMS 0x0000000708e00000, 0x0000000708e00000| Untracked 
|  67|0x0000000709000000, 0x0000000709000000, 0x0000000709200000|  0%| F|  |TAMS 0x0000000709000000, 0x0000000709000000| Untracked 
|  68|0x0000000709200000, 0x0000000709200000, 0x0000000709400000|  0%| F|  |TAMS 0x0000000709200000, 0x0000000709200000| Untracked 
|  69|0x0000000709400000, 0x0000000709400000, 0x0000000709600000|  0%| F|  |TAMS 0x0000000709400000, 0x0000000709400000| Untracked 
|  70|0x0000000709600000, 0x0000000709600000, 0x0000000709800000|  0%| F|  |TAMS 0x0000000709600000, 0x0000000709600000| Untracked 
|  71|0x0000000709800000, 0x0000000709800000, 0x0000000709a00000|  0%| F|  |TAMS 0x0000000709800000, 0x0000000709800000| Untracked 
|  72|0x0000000709a00000, 0x0000000709a00000, 0x0000000709c00000|  0%| F|  |TAMS 0x0000000709a00000, 0x0000000709a00000| Untracked 
|  73|0x0000000709c00000, 0x0000000709c00000, 0x0000000709e00000|  0%| F|  |TAMS 0x0000000709c00000, 0x0000000709c00000| Untracked 
|  74|0x0000000709e00000, 0x0000000709e00000, 0x000000070a000000|  0%| F|  |TAMS 0x0000000709e00000, 0x0000000709e00000| Untracked 
|  75|0x000000070a000000, 0x000000070a000000, 0x000000070a200000|  0%| F|  |TAMS 0x000000070a000000, 0x000000070a000000| Untracked 
|  76|0x000000070a200000, 0x000000070a200000, 0x000000070a400000|  0%| F|  |TAMS 0x000000070a200000, 0x000000070a200000| Untracked 
|  77|0x000000070a400000, 0x000000070a400000, 0x000000070a600000|  0%| F|  |TAMS 0x000000070a400000, 0x000000070a400000| Untracked 
|  78|0x000000070a600000, 0x000000070a600000, 0x000000070a800000|  0%| F|  |TAMS 0x000000070a600000, 0x000000070a600000| Untracked 
|  79|0x000000070a800000, 0x000000070a800000, 0x000000070aa00000|  0%| F|  |TAMS 0x000000070a800000, 0x000000070a800000| Untracked 
|  80|0x000000070aa00000, 0x000000070aa00000, 0x000000070ac00000|  0%| F|  |TAMS 0x000000070aa00000, 0x000000070aa00000| Untracked 
|  81|0x000000070ac00000, 0x000000070ac00000, 0x000000070ae00000|  0%| F|  |TAMS 0x000000070ac00000, 0x000000070ac00000| Untracked 
|  82|0x000000070ae00000, 0x000000070ae00000, 0x000000070b000000|  0%| F|  |TAMS 0x000000070ae00000, 0x000000070ae00000| Untracked 
|  83|0x000000070b000000, 0x000000070b000000, 0x000000070b200000|  0%| F|  |TAMS 0x000000070b000000, 0x000000070b000000| Untracked 
|  84|0x000000070b200000, 0x000000070b200000, 0x000000070b400000|  0%| F|  |TAMS 0x000000070b200000, 0x000000070b200000| Untracked 
|  85|0x000000070b400000, 0x000000070b400000, 0x000000070b600000|  0%| F|  |TAMS 0x000000070b400000, 0x000000070b400000| Untracked 
|  86|0x000000070b600000, 0x000000070b600000, 0x000000070b800000|  0%| F|  |TAMS 0x000000070b600000, 0x000000070b600000| Untracked 
|  87|0x000000070b800000, 0x000000070b800000, 0x000000070ba00000|  0%| F|  |TAMS 0x000000070b800000, 0x000000070b800000| Untracked 
|  88|0x000000070ba00000, 0x000000070ba00000, 0x000000070bc00000|  0%| F|  |TAMS 0x000000070ba00000, 0x000000070ba00000| Untracked 
|  89|0x000000070bc00000, 0x000000070bc00000, 0x000000070be00000|  0%| F|  |TAMS 0x000000070bc00000, 0x000000070bc00000| Untracked 
|  90|0x000000070be00000, 0x000000070be00000, 0x000000070c000000|  0%| F|  |TAMS 0x000000070be00000, 0x000000070be00000| Untracked 
|  91|0x000000070c000000, 0x000000070c000000, 0x000000070c200000|  0%| F|  |TAMS 0x000000070c000000, 0x000000070c000000| Untracked 
|  92|0x000000070c200000, 0x000000070c200000, 0x000000070c400000|  0%| F|  |TAMS 0x000000070c200000, 0x000000070c200000| Untracked 
|  93|0x000000070c400000, 0x000000070c400000, 0x000000070c600000|  0%| F|  |TAMS 0x000000070c400000, 0x000000070c400000| Untracked 
|  94|0x000000070c600000, 0x000000070c600000, 0x000000070c800000|  0%| F|  |TAMS 0x000000070c600000, 0x000000070c600000| Untracked 
|  95|0x000000070c800000, 0x000000070c800000, 0x000000070ca00000|  0%| F|  |TAMS 0x000000070c800000, 0x000000070c800000| Untracked 
|  96|0x000000070ca00000, 0x000000070ca00000, 0x000000070cc00000|  0%| F|  |TAMS 0x000000070ca00000, 0x000000070ca00000| Untracked 
|  97|0x000000070cc00000, 0x000000070cc00000, 0x000000070ce00000|  0%| F|  |TAMS 0x000000070cc00000, 0x000000070cc00000| Untracked 
|  98|0x000000070ce00000, 0x000000070ce00000, 0x000000070d000000|  0%| F|  |TAMS 0x000000070ce00000, 0x000000070ce00000| Untracked 
|  99|0x000000070d000000, 0x000000070d000000, 0x000000070d200000|  0%| F|  |TAMS 0x000000070d000000, 0x000000070d000000| Untracked 
| 100|0x000000070d200000, 0x000000070d200000, 0x000000070d400000|  0%| F|  |TAMS 0x000000070d200000, 0x000000070d200000| Untracked 
| 101|0x000000070d400000, 0x000000070d400000, 0x000000070d600000|  0%| F|  |TAMS 0x000000070d400000, 0x000000070d400000| Untracked 
| 102|0x000000070d600000, 0x000000070d600000, 0x000000070d800000|  0%| F|  |TAMS 0x000000070d600000, 0x000000070d600000| Untracked 
| 103|0x000000070d800000, 0x000000070d800000, 0x000000070da00000|  0%| F|  |TAMS 0x000000070d800000, 0x000000070d800000| Untracked 
| 104|0x000000070da00000, 0x000000070da00000, 0x000000070dc00000|  0%| F|  |TAMS 0x000000070da00000, 0x000000070da00000| Untracked 
| 105|0x000000070dc00000, 0x000000070dc00000, 0x000000070de00000|  0%| F|  |TAMS 0x000000070dc00000, 0x000000070dc00000| Untracked 
| 106|0x000000070de00000, 0x000000070de00000, 0x000000070e000000|  0%| F|  |TAMS 0x000000070de00000, 0x000000070de00000| Untracked 
| 107|0x000000070e000000, 0x000000070e000000, 0x000000070e200000|  0%| F|  |TAMS 0x000000070e000000, 0x000000070e000000| Untracked 
| 108|0x000000070e200000, 0x000000070e200000, 0x000000070e400000|  0%| F|  |TAMS 0x000000070e200000, 0x000000070e200000| Untracked 
| 109|0x000000070e400000, 0x000000070e400000, 0x000000070e600000|  0%| F|  |TAMS 0x000000070e400000, 0x000000070e400000| Untracked 
| 110|0x000000070e600000, 0x000000070e6f7900, 0x000000070e800000| 48%| S|CS|TAMS 0x000000070e600000, 0x000000070e600000| Complete 
| 111|0x000000070e800000, 0x000000070ea00000, 0x000000070ea00000|100%| S|CS|TAMS 0x000000070e800000, 0x000000070e800000| Complete 
| 112|0x000000070ea00000, 0x000000070ea00000, 0x000000070ec00000|  0%| F|  |TAMS 0x000000070ea00000, 0x000000070ea00000| Untracked 
| 113|0x000000070ec00000, 0x000000070ec00000, 0x000000070ee00000|  0%| F|  |TAMS 0x000000070ec00000, 0x000000070ec00000| Untracked 
| 114|0x000000070ee00000, 0x000000070ee00000, 0x000000070f000000|  0%| F|  |TAMS 0x000000070ee00000, 0x000000070ee00000| Untracked 
| 115|0x000000070f000000, 0x000000070f000000, 0x000000070f200000|  0%| F|  |TAMS 0x000000070f000000, 0x000000070f000000| Untracked 
| 116|0x000000070f200000, 0x000000070f200000, 0x000000070f400000|  0%| F|  |TAMS 0x000000070f200000, 0x000000070f200000| Untracked 
| 117|0x000000070f400000, 0x000000070f400000, 0x000000070f600000|  0%| F|  |TAMS 0x000000070f400000, 0x000000070f400000| Untracked 
| 118|0x000000070f600000, 0x000000070f600000, 0x000000070f800000|  0%| F|  |TAMS 0x000000070f600000, 0x000000070f600000| Untracked 
| 119|0x000000070f800000, 0x000000070f800000, 0x000000070fa00000|  0%| F|  |TAMS 0x000000070f800000, 0x000000070f800000| Untracked 
| 120|0x000000070fa00000, 0x000000070fa00000, 0x000000070fc00000|  0%| F|  |TAMS 0x000000070fa00000, 0x000000070fa00000| Untracked 
| 121|0x000000070fc00000, 0x000000070fc00000, 0x000000070fe00000|  0%| F|  |TAMS 0x000000070fc00000, 0x000000070fc00000| Untracked 
| 122|0x000000070fe00000, 0x000000070fe00000, 0x0000000710000000|  0%| F|  |TAMS 0x000000070fe00000, 0x000000070fe00000| Untracked 
| 123|0x0000000710000000, 0x0000000710000000, 0x0000000710200000|  0%| F|  |TAMS 0x0000000710000000, 0x0000000710000000| Untracked 
| 124|0x0000000710200000, 0x000000071038bb80, 0x0000000710400000| 77%| E|  |TAMS 0x0000000710200000, 0x0000000710200000| Complete 
| 125|0x0000000710400000, 0x0000000710600000, 0x0000000710600000|100%| E|CS|TAMS 0x0000000710400000, 0x0000000710400000| Complete 
| 126|0x0000000710600000, 0x0000000710800000, 0x0000000710800000|100%| E|CS|TAMS 0x0000000710600000, 0x0000000710600000| Complete 
| 127|0x0000000710800000, 0x0000000710a00000, 0x0000000710a00000|100%| E|CS|TAMS 0x0000000710800000, 0x0000000710800000| Complete 

Card table byte_map: [0x00000198f3b20000,0x00000198f4320000] _byte_map_base: 0x00000198f031b000

Marking Bits (Prev, Next): (CMBitMap*) 0x00000198dbe17050, (CMBitMap*) 0x00000198dbe17090
 Prev Bits: [0x00000198f4b20000, 0x00000198f8af8000)
 Next Bits: [0x00000198f8b00000, 0x00000198fcad8000)

Polling page: 0x00000198d9dd0000

Metaspace:

Usage:
  Non-class:     10.55 MB capacity,    10.39 MB ( 98%) used,   146.12 KB (  1%) free+waste,    19.00 KB ( <1%) overhead. 
      Class:      1.32 MB capacity,     1.24 MB ( 94%) used,    73.94 KB (  5%) free+waste,     7.88 KB ( <1%) overhead. 
       Both:     11.87 MB capacity,    11.63 MB ( 98%) used,   220.05 KB (  2%) free+waste,    26.88 KB ( <1%) overhead. 

Virtual space:
  Non-class space:       14.00 MB reserved,      10.75 MB ( 77%) committed 
      Class space:        1.00 GB reserved,       1.38 MB ( <1%) committed 
             Both:        1.01 GB reserved,      12.13 MB (  1%) committed 

Chunk freelists:
   Non-Class:  15.00 KB
       Class:  25.00 KB
        Both:  40.00 KB

MaxMetaspaceSize: 17179869184.00 GB
CompressedClassSpaceSize: 1.00 GB

CodeHeap 'non-profiled nmethods': size=120000Kb used=767Kb max_used=767Kb free=119232Kb
 bounds [0x00000198ebac0000, 0x00000198ebd30000, 0x00000198f2ff0000]
CodeHeap 'profiled nmethods': size=120000Kb used=3926Kb max_used=3926Kb free=116073Kb
 bounds [0x00000198e4590000, 0x00000198e4970000, 0x00000198ebac0000]
CodeHeap 'non-nmethods': size=5760Kb used=1304Kb max_used=1331Kb free=4455Kb
 bounds [0x00000198e3ff0000, 0x00000198e4260000, 0x00000198e4590000]
 total_blobs=2614 nmethods=2014 adapters=512
 compilation: enabled
              stopped_count=0, restarted_count=0
 full_count=0

Compilation events (20 events):
Event: 3.387 Thread 0x000001988002ad20 1965       3       javax.swing.RepaintManager::currentManager (37 bytes)
Event: 3.388 Thread 0x000001988002ad20 nmethod 1965 0x00000198e4957410 code [0x00000198e49575e0, 0x00000198e4957948]
Event: 3.396 Thread 0x000001988002ad20 1966       3       java.awt.Component::getBackground (29 bytes)
Event: 3.396 Thread 0x000001988002ad20 nmethod 1966 0x00000198e4957a90 code [0x00000198e4957c40, 0x00000198e4957ec8]
Event: 3.397 Thread 0x000001988002ad20 1967       3       java.awt.Component::getToolkitImpl (18 bytes)
Event: 3.398 Thread 0x000001988002ad20 nmethod 1967 0x00000198e4957f90 code [0x00000198e4958160, 0x00000198e49583e8]
Event: 3.398 Thread 0x000001988002ad20 1968   !   3       java.awt.Container::getComponentZOrder (43 bytes)
Event: 3.398 Thread 0x000001988002ad20 nmethod 1968 0x00000198e4958510 code [0x00000198e49586e0, 0x00000198e4958ae8]
Event: 3.398 Thread 0x000001988002ad20 1969       3       sun.font.FontDesignMetrics::getLatinCharWidth (29 bytes)
Event: 3.398 Thread 0x000001988002ad20 nmethod 1969 0x00000198e4958c90 code [0x00000198e4958e60, 0x00000198e4959168]
Event: 3.405 Thread 0x000001988002ad20 1971       1       sun.font.FontDesignMetrics$MetricsKey::hashCode (5 bytes)
Event: 3.405 Thread 0x000001988002ad20 nmethod 1971 0x00000198ebb7ba10 code [0x00000198ebb7bba0, 0x00000198ebb7bc58]
Event: 3.405 Thread 0x000001988002ad20 1972       3       java.awt.Container::countComponents (10 bytes)
Event: 3.405 Thread 0x000001988002ad20 nmethod 1972 0x00000198e4959310 code [0x00000198e49594c0, 0x00000198e4959688]
Event: 3.405 Thread 0x000001988002ad20 1973       3       java.awt.geom.AffineTransform::equals (92 bytes)
Event: 3.406 Thread 0x000001988002ad20 nmethod 1973 0x00000198e4959790 code [0x00000198e4959940, 0x00000198e4959f18]
Event: 3.406 Thread 0x000001988002ad20 1974       1       java.awt.Container::getLayout (5 bytes)
Event: 3.406 Thread 0x000001988002ad20 nmethod 1974 0x00000198ebb7bd10 code [0x00000198ebb7bea0, 0x00000198ebb7bf58]
Event: 3.406 Thread 0x000001988002ad20 1975       1       java.awt.Component::isPreferredSizeSet (5 bytes)
Event: 3.406 Thread 0x000001988002ad20 nmethod 1975 0x00000198ebb7c010 code [0x00000198ebb7c1a0, 0x00000198ebb7c258]

GC Heap History (4 events):
Event: 1.038 GC heap before
{Heap before GC invocations=0 (full 0):
 garbage-first heap   total 262144K, used 47104K [0x0000000700a00000, 0x0000000800000000)
  region size 2048K, 11 young (22528K), 0 survivors (0K)
 Metaspace       used 10564K, capacity 10783K, committed 11008K, reserved 1058816K
  class space    used 1159K, capacity 1222K, committed 1280K, reserved 1048576K
}
Event: 1.043 GC heap after
{Heap after GC invocations=1 (full 0):
 garbage-first heap   total 262144K, used 27318K [0x0000000700a00000, 0x0000000800000000)
  region size 2048K, 2 young (4096K), 2 survivors (4096K)
 Metaspace       used 10564K, capacity 10783K, committed 11008K, reserved 1058816K
  class space    used 1159K, capacity 1222K, committed 1280K, reserved 1048576K
}
Event: 2.916 GC heap before
{Heap before GC invocations=1 (full 0):
 garbage-first heap   total 262144K, used 60086K [0x0000000700a00000, 0x0000000800000000)
  region size 2048K, 16 young (32768K), 2 survivors (4096K)
 Metaspace       used 11578K, capacity 11797K, committed 11904K, reserved 1060864K
  class space    used 1226K, capacity 1318K, committed 1408K, reserved 1048576K
}
Event: 2.922 GC heap after
{Heap after GC invocations=2 (full 0):
 garbage-first heap   total 262144K, used 17983K [0x0000000700a00000, 0x0000000800000000)
  region size 2048K, 2 young (4096K), 2 survivors (4096K)
 Metaspace       used 11578K, capacity 11797K, committed 11904K, reserved 1060864K
  class space    used 1226K, capacity 1318K, committed 1408K, reserved 1048576K
}

Deoptimization events (20 events):
Event: 3.372 Thread 0x0000019888016020 DEOPT PACKING pc=0x00000198e488cf1a sp=0x00000070fff2dc80
Event: 3.372 Thread 0x0000019888016020 DEOPT UNPACKING pc=0x00000198e403e23f sp=0x00000070fff2d118 mode 0
Event: 3.372 Thread 0x0000019888016020 DEOPT PACKING pc=0x00000198e488cf1a sp=0x00000070fff2dc80
Event: 3.372 Thread 0x0000019888016020 DEOPT UNPACKING pc=0x00000198e403e23f sp=0x00000070fff2d118 mode 0
Event: 3.372 Thread 0x0000019888016020 DEOPT PACKING pc=0x00000198e488cf1a sp=0x00000070fff2dc80
Event: 3.372 Thread 0x0000019888016020 DEOPT UNPACKING pc=0x00000198e403e23f sp=0x00000070fff2d118 mode 0
Event: 3.379 Thread 0x0000019888016020 DEOPT PACKING pc=0x00000198e488cf1a sp=0x00000070fff2dc80
Event: 3.379 Thread 0x0000019888016020 DEOPT UNPACKING pc=0x00000198e403e23f sp=0x00000070fff2d118 mode 0
Event: 3.379 Thread 0x0000019888016020 DEOPT PACKING pc=0x00000198e488cf1a sp=0x00000070fff2dc80
Event: 3.379 Thread 0x0000019888016020 DEOPT UNPACKING pc=0x00000198e403e23f sp=0x00000070fff2d118 mode 0
Event: 3.379 Thread 0x0000019888016020 DEOPT PACKING pc=0x00000198e488cf1a sp=0x00000070fff2dc80
Event: 3.379 Thread 0x0000019888016020 DEOPT UNPACKING pc=0x00000198e403e23f sp=0x00000070fff2d118 mode 0
Event: 3.380 Thread 0x0000019888016020 DEOPT PACKING pc=0x00000198e488cf1a sp=0x00000070fff2dc80
Event: 3.380 Thread 0x0000019888016020 DEOPT UNPACKING pc=0x00000198e403e23f sp=0x00000070fff2d118 mode 0
Event: 3.387 Thread 0x0000019887734c80 DEOPT PACKING pc=0x00000198e48a7a9c sp=0x0000007080dff000
Event: 3.387 Thread 0x0000019887734c80 DEOPT UNPACKING pc=0x00000198e403e23f sp=0x0000007080dfe4d0 mode 0
Event: 3.387 Thread 0x0000019887734c80 Uncommon trap: trap_request=0xffffffe4 fr.pc=0x00000198ebb5a8b0 relative=0x0000000000001670
Event: 3.387 Thread 0x0000019887734c80 Uncommon trap: reason=range_check action=make_not_entrant pc=0x00000198ebb5a8b0 method=java.awt.image.DirectColorModel.setFields()V @ 6 c2
Event: 3.387 Thread 0x0000019887734c80 DEOPT PACKING pc=0x00000198ebb5a8b0 sp=0x0000007080dff010
Event: 3.387 Thread 0x0000019887734c80 DEOPT UNPACKING pc=0x00000198e403e42f sp=0x0000007080dfee58 mode 2

Classes unloaded (0 events):
No events

Classes redefined (0 events):
No events

Internal exceptions (20 events):
Event: 0.102 Thread 0x00000198dbdc4370 Exception <a 'java/io/FileNotFoundException'{0x00000007109f7b58}> (0x00000007109f7b58) 
thrown [./open/src/hotspot/share/prims/jni.cpp, line 578]
Event: 0.108 Thread 0x00000198dbdc4370 Exception <a 'java/io/FileNotFoundException'{0x0000000710626a68}> (0x0000000710626a68) 
thrown [./open/src/hotspot/share/prims/jni.cpp, line 578]
Event: 0.108 Thread 0x00000198dbdc4370 Exception <a 'java/lang/NoSuchMethodError'{0x0000000710627c60}: 'java.lang.Object java.lang.invoke.DirectMethodHandle$Holder.invokeStatic(java.lang.Object)'> (0x0000000710627c60) 
thrown [./open/src/hotspot/share/interpreter/linkResolver.cpp, line 782]
Event: 0.143 Thread 0x00000198dbdc4370 Exception <a 'java/lang/NoSuchMethodError'{0x00000007106840e8}: 'java.lang.Object java.lang.invoke.DirectMethodHandle$Holder.invokeStaticInit(java.lang.Object)'> (0x00000007106840e8) 
thrown [./open/src/hotspot/share/interpreter/linkResolver.cpp, line 782]
Event: 0.378 Thread 0x00000198dbdc4370 Exception <a 'java/lang/NoSuchMethodError'{0x0000000710767dc0}: 'java.lang.Object java.lang.invoke.DirectMethodHandle$Holder.newInvokeSpecial(java.lang.Object, java.lang.Object, java.lang.Object, java.lang.Object, java.lang.Object)'> (0x0000000710767dc0) 
thrown [./open/src/hotspot/share/interpreter/linkResolver.cpp, line 782]
Event: 0.379 Thread 0x00000198dbdc4370 Exception <a 'java/lang/NoSuchMethodError'{0x0000000710773850}: 'java.lang.Object java.lang.invoke.DirectMethodHandle$Holder.invokeStatic(java.lang.Object, int, java.lang.Object, java.lang.Object, java.lang.Object, java.lang.Object)'> (0x0000000710773850) 
thrown [./open/src/hotspot/share/interpreter/linkResolver.cpp, line 782]
Event: 0.383 Thread 0x00000198dbdc4370 Exception <a 'java/lang/NoSuchMethodError'{0x0000000710799af8}: 'java.lang.Object java.lang.invoke.DirectMethodHandle$Holder.invokeStatic(java.lang.Object, int, java.lang.Object)'> (0x0000000710799af8) 
thrown [./open/src/hotspot/share/interpreter/linkResolver.cpp, line 782]
Event: 0.403 Thread 0x00000198dbdc4370 Exception <a 'java/lang/ClassNotFoundException'{0x00000007104525b8}: com/sun/swing/internal/plaf/metal/resources/spi/metalProvider> (0x00000007104525b8) 
thrown [./open/src/hotspot/share/classfile/systemDictionary.cpp, line 295]
Event: 0.404 Thread 0x00000198dbdc4370 Exception <a 'java/lang/ClassNotFoundException'{0x0000000710456878}: com/sun/swing/internal/plaf/basic/resources/spi/basicProvider> (0x0000000710456878) 
thrown [./open/src/hotspot/share/classfile/systemDictionary.cpp, line 295]
Event: 0.444 Thread 0x00000198dbdc4370 Exception <a 'java/lang/NoSuchMethodError'{0x000000071052b1f0}: 'void java.lang.invoke.DirectMethodHandle$Holder.invokeStatic(java.lang.Object, java.lang.Object)'> (0x000000071052b1f0) 
thrown [./open/src/hotspot/share/interpreter/linkResolver.cpp, line 782]
Event: 0.444 Thread 0x00000198dbdc4370 Exception <a 'java/lang/NoSuchMethodError'{0x000000071052ebf8}: 'void java.lang.invoke.DirectMethodHandle$Holder.invokeStaticInit(java.lang.Object, java.lang.Object)'> (0x000000071052ebf8) 
thrown [./open/src/hotspot/share/interpreter/linkResolver.cpp, line 782]
Event: 0.450 Thread 0x00000198dbdc4370 Exception <a 'java/lang/NoSuchMethodError'{0x00000007105607d0}: 'java.lang.Object java.lang.invoke.DirectMethodHandle$Holder.invokeStaticInit(java.lang.Object, int, int, int, int)'> (0x00000007105607d0) 
thrown [./open/src/hotspot/share/interpreter/linkResolver.cpp, line 782]
Event: 0.531 Thread 0x00000198dbdc4370 Exception <a 'java/lang/NoSuchMethodError'{0x00000007105df9b0}: 'java.lang.Object java.lang.invoke.DirectMethodHandle$Holder.invokeStaticInit(java.lang.Object, java.lang.Object, int, int, int, int)'> (0x00000007105df9b0) 
thrown [./open/src/hotspot/share/interpreter/linkResolver.cpp, line 782]
Event: 0.631 Thread 0x00000198dbdc4370 Exception <a 'java/lang/UnsatisfiedLinkError'{0x00000007101201d0}: The specified module could not be found.
> (0x00000007101201d0) 
thrown [./open/src/hotspot/share/prims/jni.cpp, line 599]
Event: 0.632 Thread 0x00000198dbdc4370 Exception <a 'java/lang/UnsatisfiedLinkError'{0x0000000710120948}: The specified module could not be found.
> (0x0000000710120948) 
thrown [./open/src/hotspot/share/prims/jni.cpp, line 599]
Event: 0.633 Thread 0x00000198dbdc4370 Exception <a 'java/lang/UnsatisfiedLinkError'{0x0000000710120fe0}: The specified module could not be found.
> (0x0000000710120fe0) 
thrown [./open/src/hotspot/share/prims/jni.cpp, line 599]
Event: 0.635 Thread 0x00000198dbdc4370 Exception <a 'java/lang/UnsatisfiedLinkError'{0x0000000710129bf8}> (0x0000000710129bf8) 
thrown [./open/src/hotspot/share/oops/instanceKlass.cpp, line 1195]
Event: 0.881 Thread 0x00000198dbdc4370 Exception <a 'java/lang/NoSuchMethodError'{0x000000070f61d3e8}: 'void java.lang.invoke.DirectMethodHandle$Holder.invokeStaticInit(java.lang.Object)'> (0x000000070f61d3e8) 
thrown [./open/src/hotspot/share/interpreter/linkResolver.cpp, line 782]
Event: 2.643 Thread 0x0000019887734c80 Exception <a 'java/lang/NoSuchMethodError'{0x000000070f87d270}: 'java.lang.Object java.lang.invoke.DirectMethodHandle$Holder.newInvokeSpecial(java.lang.Object, java.lang.Object, java.lang.Object, int, int, int, int, int)'> (0x000000070f87d270) 
thrown [./open/src/hotspot/share/interpreter/linkResolver.cpp, line 782]
Event: 2.667 Thread 0x0000019887734c80 Implicit null exception at 0x00000198ebb450fc to 0x00000198ebb45258

Events (20 events):
Event: 2.955 loading class javax/swing/plaf/basic/BasicPopupMenuUI$Actions done
Event: 2.955 loading class javax/swing/plaf/basic/BasicLookAndFeel$AudioAction
Event: 2.955 loading class javax/sound/sampled/LineListener
Event: 2.955 loading class javax/sound/sampled/LineListener done
Event: 2.955 loading class javax/swing/AbstractAction
Event: 2.955 loading class javax/swing/AbstractAction done
Event: 2.955 loading class javax/swing/plaf/basic/BasicLookAndFeel$AudioAction done
Event: 2.955 Thread 0x0000019887731c60 Thread exited: 0x0000019887731c60
Event: 2.999 loading class sun/awt/UngrabEvent
Event: 2.999 loading class sun/awt/UngrabEvent done
Event: 2.999 Executing VM operation: HandshakeAllThreads
Event: 2.999 Executing VM operation: HandshakeAllThreads done
Event: 3.127 Thread 0x000001988a01f430 Thread exited: 0x000001988a01f430
Event: 3.127 Thread 0x0000019889fdd2e0 Thread exited: 0x0000019889fdd2e0
Event: 3.313 loading class javax/swing/plaf/basic/BasicComboBoxUI
Event: 3.313 loading class javax/swing/plaf/ComboBoxUI
Event: 3.313 loading class javax/swing/plaf/ComboBoxUI done
Event: 3.313 loading class javax/swing/plaf/basic/BasicComboBoxUI done
Event: 3.314 loading class javax/swing/plaf/basic/BasicPopupMenuUI$MouseGrabber$2
Event: 3.314 loading class javax/swing/plaf/basic/BasicPopupMenuUI$MouseGrabber$2 done


Dynamic libraries:
0x00007ff66aaf0000 - 0x00007ff66aaff000 	C:\Program Files\Java\jdk-15.0.2\bin\javaw.exe
0x00007ff80e240000 - 0x00007ff80e430000 	C:\Windows\SYSTEM32\ntdll.dll
0x00007ff80c760000 - 0x00007ff80c812000 	C:\Windows\System32\KERNEL32.DLL
0x00007ff80b630000 - 0x00007ff80b8d5000 	C:\Windows\System32\KERNELBASE.dll
0x00007ff80b1b0000 - 0x00007ff80b2aa000 	C:\Windows\System32\ucrtbase.dll
0x00007ffffb670000 - 0x00007ffffb688000 	C:\Program Files\Java\jdk-15.0.2\bin\jli.dll
0x00007ffffb690000 - 0x00007ffffb6a9000 	C:\Program Files\Java\jdk-15.0.2\bin\VCRUNTIME140.dll
0x00007ff80d430000 - 0x00007ff80d4d3000 	C:\Windows\System32\ADVAPI32.dll
0x00007ff80c930000 - 0x00007ff80c9ce000 	C:\Windows\System32\msvcrt.dll
0x00007ff80ddb0000 - 0x00007ff80de47000 	C:\Windows\System32\sechost.dll
0x00007ff80c490000 - 0x00007ff80c5af000 	C:\Windows\System32\RPCRT4.dll
0x00007ff80df50000 - 0x00007ff80e0e4000 	C:\Windows\System32\USER32.dll
0x00007ffff1e30000 - 0x00007ffff20b4000 	C:\Windows\WinSxS\amd64_microsoft.windows.common-controls_6595b64144ccf1df_6.0.18362.1556_none_9e7e372fe45e41d5\COMCTL32.dll
0x00007ff80b450000 - 0x00007ff80b471000 	C:\Windows\System32\win32u.dll
0x00007ff80cef0000 - 0x00007ff80d226000 	C:\Windows\System32\combase.dll
0x00007ff80c820000 - 0x00007ff80c846000 	C:\Windows\System32\GDI32.dll
0x00007ff80b2b0000 - 0x00007ff80b448000 	C:\Windows\System32\gdi32full.dll
0x00007ff80b480000 - 0x00007ff80b501000 	C:\Windows\System32\bcryptPrimitives.dll
0x00007ff80b590000 - 0x00007ff80b62e000 	C:\Windows\System32\msvcp_win.dll
0x00007ff805090000 - 0x00007ff80509a000 	C:\Windows\SYSTEM32\VERSION.dll
0x00007ff80d400000 - 0x00007ff80d42e000 	C:\Windows\System32\IMM32.DLL
0x00007ffffb660000 - 0x00007ffffb66c000 	C:\Program Files\Java\jdk-15.0.2\bin\vcruntime140_1.dll
0x00007fffc6740000 - 0x00007fffc67d1000 	C:\Program Files\Java\jdk-15.0.2\bin\msvcp140.dll
0x00007fffb15b0000 - 0x00007fffb210e000 	C:\Program Files\Java\jdk-15.0.2\bin\server\jvm.dll
0x00007ff80d560000 - 0x00007ff80d568000 	C:\Windows\System32\PSAPI.DLL
0x00007ff807a40000 - 0x00007ff807a49000 	C:\Windows\SYSTEM32\WSOCK32.dll
0x00007ff809100000 - 0x00007ff809124000 	C:\Windows\SYSTEM32\WINMM.dll
0x00007ff80d390000 - 0x00007ff80d3ff000 	C:\Windows\System32\WS2_32.dll
0x00007ff809080000 - 0x00007ff8090ad000 	C:\Windows\SYSTEM32\WINMMBASE.dll
0x00007ff80b540000 - 0x00007ff80b58a000 	C:\Windows\System32\cfgmgr32.dll
0x00007ff80b120000 - 0x00007ff80b131000 	C:\Windows\System32\kernel.appcore.dll
0x00007ff806980000 - 0x00007ff80698a000 	C:\Program Files\Java\jdk-15.0.2\bin\jimage.dll
0x00007ff802e00000 - 0x00007ff802ff4000 	C:\Windows\SYSTEM32\DBGHELP.DLL
0x00007ffffb8f0000 - 0x00007ffffb91a000 	C:\Windows\SYSTEM32\dbgcore.DLL
0x00007fffdc2d0000 - 0x00007fffdc2f5000 	C:\Program Files\Java\jdk-15.0.2\bin\java.dll
0x00007ff80d580000 - 0x00007ff80dc67000 	C:\Windows\System32\SHELL32.dll
0x00007ff80ce40000 - 0x00007ff80cee8000 	C:\Windows\System32\shcore.dll
0x00007ff80bb70000 - 0x00007ff80c2eb000 	C:\Windows\System32\windows.storage.dll
0x00007ff80b100000 - 0x00007ff80b11e000 	C:\Windows\System32\profapi.dll
0x00007ff80b140000 - 0x00007ff80b18a000 	C:\Windows\System32\powrprof.dll
0x00007ff80b0f0000 - 0x00007ff80b100000 	C:\Windows\System32\UMPDC.dll
0x00007ff80de70000 - 0x00007ff80dec2000 	C:\Windows\System32\shlwapi.dll
0x00007ff80baa0000 - 0x00007ff80bab7000 	C:\Windows\System32\cryptsp.dll
0x00007ffffc0f0000 - 0x00007ffffc109000 	C:\Program Files\Java\jdk-15.0.2\bin\net.dll
0x00007ff804840000 - 0x00007ff80493a000 	C:\Windows\SYSTEM32\WINHTTP.dll
0x00007ff80a930000 - 0x00007ff80a997000 	C:\Windows\system32\mswsock.dll
0x00007fffec7d0000 - 0x00007fffec7e2000 	C:\Program Files\Java\jdk-15.0.2\bin\nio.dll
0x00007fffe0af0000 - 0x00007fffe0b08000 	C:\Program Files\Java\jdk-15.0.2\bin\zip.dll
0x00007fffb4530000 - 0x00007fffb46b0000 	C:\Program Files\Java\jdk-15.0.2\bin\awt.dll
0x00007ff80c2f0000 - 0x00007ff80c3b5000 	C:\Windows\System32\OLEAUT32.dll
0x00007ff809330000 - 0x00007ff8093bf000 	C:\Windows\SYSTEM32\apphelp.dll
0x00007ff809880000 - 0x00007ff8098ad000 	C:\Windows\system32\DWMAPI.DLL
0x00007ff809430000 - 0x00007ff8094c9000 	C:\Windows\system32\uxtheme.dll
0x00007fffb2fe0000 - 0x00007fffb3136000 	C:\Windows\system32\opengl32.dll
0x00007ffffb610000 - 0x00007ffffb63c000 	C:\Windows\SYSTEM32\GLU32.dll
0x00007ff809da0000 - 0x00007ff809dc0000 	C:\Windows\SYSTEM32\dxcore.dll
0x00007ff80dc70000 - 0x00007ff80dda5000 	C:\Windows\System32\MSCTF.dll
0x00007ff80d230000 - 0x00007ff80d387000 	C:\Windows\System32\ole32.dll
0x00007ff8004a0000 - 0x00007ff800667000 	C:\Windows\system32\d3d9.dll
0x00007ff800710000 - 0x00007ff800815000 	C:\Windows\System32\DriverStore\FileRepository\nv_dispi.inf_amd64_d71d3f5ea7618cbb\nvldumdx.dll
0x00007ff80b190000 - 0x00007ff80b1a2000 	C:\Windows\System32\msasn1.dll
0x00007ff804b70000 - 0x00007ff804b9f000 	C:\Windows\SYSTEM32\cryptnet.dll
0x00007ff80b8e0000 - 0x00007ff80ba31000 	C:\Windows\System32\CRYPT32.dll
0x00007ff80ab00000 - 0x00007ff80ab0c000 	C:\Windows\SYSTEM32\cryptbase.dll
0x00007ff80ba40000 - 0x00007ff80ba9c000 	C:\Windows\System32\WINTRUST.DLL
0x00007ff80de50000 - 0x00007ff80de6d000 	C:\Windows\System32\imagehlp.dll
0x00007ff80a4b0000 - 0x00007ff80a4e3000 	C:\Windows\system32\rsaenh.dll
0x00007ff80b510000 - 0x00007ff80b536000 	C:\Windows\System32\bcrypt.dll
0x00007fffafa20000 - 0x00007fffb11d8000 	C:\Windows\System32\DriverStore\FileRepository\nv_dispi.inf_amd64_d71d3f5ea7618cbb\nvd3dumx.dll
0x00007fffe82c0000 - 0x00007fffe857e000 	C:\Windows\system32\nvspcap64.dll
0x00007ff80a130000 - 0x00007ff80a161000 	C:\Windows\SYSTEM32\ntmarta.dll
0x00007ff809ce0000 - 0x00007ff809d02000 	C:\Windows\SYSTEM32\gpapi.dll
0x00007fffdda10000 - 0x00007fffdda99000 	C:\Program Files (x86)\Overwolf\0.170.48.15\OWExplorer.dll
0x00007ff80b010000 - 0x00007ff80b035000 	C:\Windows\SYSTEM32\USERENV.dll
0x00007ff80a640000 - 0x00007ff80a67a000 	C:\Windows\SYSTEM32\IPHLPAPI.DLL
0x00007ff80d570000 - 0x00007ff80d578000 	C:\Windows\System32\NSI.dll
0x00007ff805ac0000 - 0x00007ff805ad6000 	C:\Windows\SYSTEM32\dhcpcsvc6.DLL
0x00007ff805760000 - 0x00007ff80577c000 	C:\Windows\SYSTEM32\dhcpcsvc.DLL
0x00007ff80a680000 - 0x00007ff80a74b000 	C:\Windows\SYSTEM32\DNSAPI.dll
0x00007fffe0a20000 - 0x00007fffe0a61000 	C:\Users\Nicholas Calvin\AppData\Local\Temp\jna--326559586\jna7407304266247474038.dll
0x00007ffffb5d0000 - 0x00007ffffb604000 	C:\Program Files\VideoLAN\VLC\libvlc.dll
0x00007fffb22b0000 - 0x00007fffb2566000 	C:\Program Files\VideoLAN\VLC\libvlccore.dll
0x00007ff803c70000 - 0x00007ff803c80000 	C:\Program Files\Java\jdk-15.0.2\bin\verify.dll
0x00007ffffb4c0000 - 0x00007ffffb4d8000 	C:\Program Files\VideoLAN\VLC\plugins\logger\libfile_logger_plugin.dll
0x00007ffffb490000 - 0x00007ffffb4a7000 	C:\Program Files\VideoLAN\VLC\plugins\logger\libconsole_logger_plugin.dll
0x00007ffffa7a0000 - 0x00007ffffa7b1000 	C:\Program Files\VideoLAN\VLC\plugins\keystore\libmemory_keystore_plugin.dll
0x00007ffff6490000 - 0x00007ffff64a7000 	C:\Program Files\VideoLAN\VLC\plugins\audio_output\libmmdevice_plugin.dll
0x00007ff80e150000 - 0x00007ff80e1f2000 	C:\Windows\System32\clbcatq.dll
0x00007ff805bb0000 - 0x00007ff805c22000 	C:\Windows\System32\MMDevApi.dll
0x00007ff80aee0000 - 0x00007ff80af0a000 	C:\Windows\System32\DEVOBJ.dll
0x00007ff805e70000 - 0x00007ff805fd1000 	C:\Windows\SYSTEM32\AUDIOSES.DLL
0x00007ff806e20000 - 0x00007ff806f72000 	C:\Windows\SYSTEM32\wintypes.dll
0x00007fffe7370000 - 0x00007fffe74b9000 	C:\Windows\System32\Windows.UI.dll
0x00007fffed860000 - 0x00007fffed97b000 	C:\Windows\System32\InputHost.dll
0x00007ffff3050000 - 0x00007ffff30eb000 	C:\Windows\System32\TextInputFramework.dll
0x00007ff805790000 - 0x00007ff805aba000 	C:\Windows\System32\CoreUIComponents.dll
0x00007ff808c30000 - 0x00007ff808d04000 	C:\Windows\System32\CoreMessaging.dll
0x00007ff807930000 - 0x00007ff807a1f000 	C:\Windows\System32\PROPSYS.dll
0x00007fffd66e0000 - 0x00007fffd6765000 	C:\Program Files\Java\jdk-15.0.2\bin\freetype.dll
0x00007fffb7f00000 - 0x00007fffb7fa9000 	C:\Program Files\Java\jdk-15.0.2\bin\fontmanager.dll
0x00007fffb13a0000 - 0x00007fffb15a7000 	C:\Program Files\VideoLAN\VLC\plugins\access\liblibbluray_plugin.dll
0x00007ffff6440000 - 0x00007ffff6481000 	C:\Program Files\VideoLAN\VLC\plugins\access\libdvdnav_plugin.dll
0x00007fffe09d0000 - 0x00007fffe09f1000 	C:\Program Files\VideoLAN\VLC\plugins\access\libvdr_plugin.dll
0x00007fffe7000000 - 0x00007fffe7018000 	C:\Program Files\VideoLAN\VLC\plugins\access\libfilesystem_plugin.dll
0x00007fffe09b0000 - 0x00007fffe09c1000 	C:\Program Files\VideoLAN\VLC\plugins\stream_filter\libprefetch_plugin.dll
0x00007fffddeb0000 - 0x00007fffddec1000 	C:\Program Files\VideoLAN\VLC\plugins\stream_filter\libcache_read_plugin.dll
0x00007fffdd420000 - 0x00007fffdd431000 	C:\Program Files\VideoLAN\VLC\plugins\stream_filter\libskiptags_plugin.dll
0x00007fffdc170000 - 0x00007fffdc18b000 	C:\Program Files\VideoLAN\VLC\plugins\stream_filter\libhds_plugin.dll
0x00007fffdc150000 - 0x00007fffdc161000 	C:\Program Files\VideoLAN\VLC\plugins\stream_filter\libadf_plugin.dll
0x00007fffdc130000 - 0x00007fffdc148000 	C:\Program Files\VideoLAN\VLC\plugins\stream_filter\libinflate_plugin.dll
0x00007fffcf020000 - 0x00007fffcf051000 	C:\Program Files\VideoLAN\VLC\plugins\demux\libplaylist_plugin.dll
0x00007fffc66d0000 - 0x00007fffc6737000 	C:\Program Files\VideoLAN\VLC\plugins\lua\liblua_plugin.dll
0x00007fffc54d0000 - 0x00007fffc5549000 	C:\Program Files\VideoLAN\VLC\plugins\stream_extractor\libarchive_plugin.dll
0x00007fffd9fc0000 - 0x00007fffd9fd1000 	C:\Program Files\VideoLAN\VLC\plugins\stream_filter\librecord_plugin.dll
0x00007fffcd420000 - 0x00007fffcd477000 	C:\Program Files\VideoLAN\VLC\plugins\demux\libmp4_plugin.dll
0x00007fffd9880000 - 0x00007fffd98a8000 	C:\Program Files\VideoLAN\VLC\plugins\demux\libavi_plugin.dll
0x00007fffcd010000 - 0x00007fffcd034000 	C:\Program Files\VideoLAN\VLC\plugins\demux\libasf_plugin.dll
0x00007fffd9b10000 - 0x00007fffd9b27000 	C:\Program Files\VideoLAN\VLC\plugins\demux\libes_plugin.dll
0x00007fffd8d00000 - 0x00007fffd8d11000 	C:\Program Files\VideoLAN\VLC\plugins\codec\libaes3_plugin.dll
0x00007fffc6950000 - 0x00007fffc69a7000 	C:\Program Files\VideoLAN\VLC\plugins\codec\libtheora_plugin.dll
0x00007fffc9130000 - 0x00007fffc915f000 	C:\Program Files\VideoLAN\VLC\plugins\codec\libspeex_plugin.dll
0x00007fffd7660000 - 0x00007fffd7673000 	C:\Program Files\VideoLAN\VLC\plugins\codec\liblpcm_plugin.dll
0x00007fffcfd50000 - 0x00007fffcfd61000 	C:\Program Files\VideoLAN\VLC\plugins\codec\librawvideo_plugin.dll
0x00007fffb5590000 - 0x00007fffb5655000 	C:\Program Files\VideoLAN\VLC\plugins\codec\libvorbis_plugin.dll
0x00007fffccda0000 - 0x00007fffccdb3000 	C:\Program Files\VideoLAN\VLC\plugins\codec\libspudec_plugin.dll
0x00007fffcbb20000 - 0x00007fffcbb31000 	C:\Program Files\VideoLAN\VLC\plugins\codec\libsvcdsub_plugin.dll
0x00007fffc9060000 - 0x00007fffc9074000 	C:\Program Files\VideoLAN\VLC\plugins\packetizer\libpacketizer_mpegvideo_plugin.dll
0x00007fffc9040000 - 0x00007fffc9052000 	C:\Program Files\VideoLAN\VLC\plugins\codec\libcvdsub_plugin.dll

dbghelp: loaded successfully - version: 4.0.5 - missing functions: none
symbol engine: initialized successfully - sym options: 0x614 - pdb path: .;C:\Program Files\Java\jdk-15.0.2\bin;C:\Windows\SYSTEM32;C:\Windows\WinSxS\amd64_microsoft.windows.common-controls_6595b64144ccf1df_6.0.18362.1556_none_9e7e372fe45e41d5;C:\Program Files\Java\jdk-15.0.2\bin\server;C:\Windows\System32\DriverStore\FileRepository\nv_dispi.inf_amd64_d71d3f5ea7618cbb;C:\Program Files (x86)\Overwolf\0.170.48.15;C:\Users\Nicholas Calvin\AppData\Local\Temp\jna--326559586;C:\Program Files\VideoLAN\VLC;C:\Program Files\VideoLAN\VLC\plugins\logger;C:\Program Files\VideoLAN\VLC\plugins\keystore;C:\Program Files\VideoLAN\VLC\plugins\audio_output;C:\Program Files\VideoLAN\VLC\plugins\access;C:\Program Files\VideoLAN\VLC\plugins\stream_filter;C:\Program Files\VideoLAN\VLC\plugins\demux;C:\Program Files\VideoLAN\VLC\plugins\lua;C:\Program Files\VideoLAN\VLC\plugins\stream_extractor;C:\Program Files\VideoLAN\VLC\plugins\codec;C:\Program Files\VideoLAN\VLC\plugins\packetizer;C:\Program Files\VideoLAN\VLC\plugins\meta_engine;C:\Program Files\VideoLAN\VLC\plugins\audio_mixer;C:\Program Files\VideoLAN\VLC\plugins\audio_filter

VM Arguments:
jvm_args: -Dfile.encoding=Cp1252 -XX:+ShowCodeDetailsInExceptionMessages 
java_command: Home
java_class_path (initial): D:\Nicholas\KULIAH\SEM4\Eclipse\ProjectLab\bin;D:\Nicholas\KULIAH\SEM4\Eclipse\ProjectLab\Jar Files\jna-5.5.0.jar;D:\Nicholas\KULIAH\SEM4\Eclipse\ProjectLab\Jar Files\jna-platform-5.5.0.jar;D:\Nicholas\KULIAH\SEM4\Eclipse\ProjectLab\Jar Files\slf4j-api-1.7.25.jar;D:\Nicholas\KULIAH\SEM4\Eclipse\ProjectLab\Jar Files\slf4j-simple-1.7.25.jar;D:\Nicholas\KULIAH\SEM4\Eclipse\ProjectLab\Jar Files\vlcj-3.3.0.jar;D:\Nicholas\KULIAH\SEM4\Eclipse\ProjectLab\Jar Files\vlcj-natives-4.0.2.jar;D:\Nicholas\KULIAH\SEM4\Eclipse\ProjectLab\Jar Files\jcalendar-1.4.jar
Launcher Type: SUN_STANDARD

[Global flags]
     intx CICompilerCount                          = 4                                         {product} {ergonomic}
     uint ConcGCThreads                            = 2                                         {product} {ergonomic}
     uint G1ConcRefinementThreads                  = 8                                         {product} {ergonomic}
   size_t G1HeapRegionSize                         = 2097152                                   {product} {ergonomic}
    uintx GCDrainStackTargetSize                   = 64                                        {product} {ergonomic}
   size_t InitialHeapSize                          = 268435456                                 {product} {ergonomic}
   size_t MarkStackSize                            = 4194304                                   {product} {ergonomic}
   size_t MaxHeapSize                              = 4284481536                                {product} {ergonomic}
   size_t MaxNewSize                               = 2569011200                                {product} {ergonomic}
   size_t MinHeapDeltaBytes                        = 2097152                                   {product} {ergonomic}
   size_t MinHeapSize                              = 8388608                                   {product} {ergonomic}
    uintx NonNMethodCodeHeapSize                   = 5839372                                {pd product} {ergonomic}
    uintx NonProfiledCodeHeapSize                  = 122909434                              {pd product} {ergonomic}
    uintx ProfiledCodeHeapSize                     = 122909434                              {pd product} {ergonomic}
    uintx ReservedCodeCacheSize                    = 251658240                              {pd product} {ergonomic}
     bool SegmentedCodeCache                       = true                                      {product} {ergonomic}
     bool ShowCodeDetailsInExceptionMessages       = true                                   {manageable} {command line}
   size_t SoftMaxHeapSize                          = 4284481536                             {manageable} {ergonomic}
     bool UseCompressedClassPointers               = true                                 {lp64_product} {ergonomic}
     bool UseCompressedOops                        = true                                 {lp64_product} {ergonomic}
     bool UseG1GC                                  = true                                      {product} {ergonomic}
     bool UseLargePagesIndividualAllocation        = false                                  {pd product} {ergonomic}

Logging:
Log output configuration:
 #0: stdout all=warning uptime,level,tags
 #1: stderr all=off uptime,level,tags

Environment Variables:
PATH=C:/Program Files/Java/jdk-15.0.2/bin/server;C:/Program Files/Java/jdk-15.0.2/bin;C:\ProgramData\Oracle\Java\javapath;C:\Program Files (x86)\Common Files\Intel\Shared Libraries\redist\intel64\compiler;C:\Program Files\Common Files\Oracle\Java\javapath;C:\Windows\system32;C:\Windows;C:\Windows\System32\Wbem;C:\Windows\System32\WindowsPowerShell\v1.0\;C:\Windows\System32\OpenSSH\;C:\Program Files (x86)\NVIDIA Corporation\PhysX\Common;C:\Program Files\NVIDIA Corporation\NVIDIA NvDLISR;C:\Users\Nicholas Calvin\AppData\Local\Programs\Python\Python39;C:\Program Files\dotnet\;C:\Users\Nicholas Calvin\AppData\Local\Programs\Python\Python39\Scripts\;C:\Users\Nicholas Calvin\AppData\Local\Programs\Python\Python39\;C:\Users\Nicholas Calvin\AppData\Local\Microsoft\WindowsApps;;C:\Users\Nicholas Calvin\AppData\Local\Programs\Microsoft VS Code\bin;C:\Windows\System32;
USERNAME=Nicholas Calvin
OS=Windows_NT
PROCESSOR_IDENTIFIER=AMD64 Family 23 Model 1 Stepping 1, AuthenticAMD



---------------  S Y S T E M  ---------------

OS:
 Windows 10 , 64 bit Build 18362 (10.0.18362.1500)
OS uptime: 15 days 18:30 hours

CPU: total 8 (initial active 8) (8 cores per cpu, 2 threads per core) family 23 model 1 stepping 1 microcode 0x0, cmov, cx8, fxsr, mmx, sse, sse2, sse3, ssse3, sse4.1, sse4.2, popcnt, vzeroupper, avx, avx2, aes, clmul, 3dnowpref, lzcnt, sse4a, ht, tsc, tscinvbit, tscinv, bmi1, bmi2, adx, sha, fma, clflush, clflushopt

Memory: 4k page, system-wide physical 16336M (7653M free)
TotalPageFile size 30241M (AvailPageFile size 3M)
current process WorkingSet (physical memory assigned to process): 195M, peak: 197M
current process commit charge ("private bytes"): 480M, peak: 484M

vm_info: Java HotSpot(TM) 64-Bit Server VM (15.0.2+7-27) for windows-amd64 JRE (15.0.2+7-27), built on Dec  7 2020 20:07:01 by "mach5one" with unknown MS VC++:1925

END.
